CRITICAL - 2021-06-08 04:32:42 --> Undefined variable: page_title
#0 C:\Users\gwilok\Desktop\code-igniter\project-root\app\Views\v_accueil.php(7): CodeIgniter\Debug\Exceptions->errorHandler(8, 'Undefined varia...', 'C:\\Users\\gwilok...', 7, Array)
#1 C:\Users\gwilok\Desktop\code-igniter\project-root\vendor\codeigniter4\framework\system\View\View.php(230): include('C:\\Users\\gwilok...')
#2 C:\Users\gwilok\Desktop\code-igniter\project-root\vendor\codeigniter4\framework\system\View\View.php(232): CodeIgniter\View\View->CodeIgniter\View\{closure}()
#3 C:\Users\gwilok\Desktop\code-igniter\project-root\vendor\codeigniter4\framework\system\Common.php(1271): CodeIgniter\View\View->render('v_accueil', Array, true)
#4 C:\Users\gwilok\Desktop\code-igniter\project-root\app\Controllers\Caccueil.php(13): view('v_accueil')
#5 C:\Users\gwilok\Desktop\code-igniter\project-root\vendor\codeigniter4\framework\system\CodeIgniter.php(928): App\Controllers\Caccueil->index()
#6 C:\Users\gwilok\Desktop\code-igniter\project-root\vendor\codeigniter4\framework\system\CodeIgniter.php(436): CodeIgniter\CodeIgniter->runController(Object(App\Controllers\Caccueil))
#7 C:\Users\gwilok\Desktop\code-igniter\project-root\vendor\codeigniter4\framework\system\CodeIgniter.php(336): CodeIgniter\CodeIgniter->handleRequest(NULL, Object(Config\Cache), false)
#8 C:\Users\gwilok\Desktop\code-igniter\project-root\public\index.php(37): CodeIgniter\CodeIgniter->run()
#9 {main}
CRITICAL - 2021-06-08 04:33:06 --> Undefined variable: page_title
#0 C:\Users\gwilok\Desktop\code-igniter\project-root\app\Views\v_accueil.php(7): CodeIgniter\Debug\Exceptions->errorHandler(8, 'Undefined varia...', 'C:\\Users\\gwilok...', 7, Array)
#1 C:\Users\gwilok\Desktop\code-igniter\project-root\vendor\codeigniter4\framework\system\View\View.php(230): include('C:\\Users\\gwilok...')
#2 C:\Users\gwilok\Desktop\code-igniter\project-root\vendor\codeigniter4\framework\system\View\View.php(232): CodeIgniter\View\View->CodeIgniter\View\{closure}()
#3 C:\Users\gwilok\Desktop\code-igniter\project-root\vendor\codeigniter4\framework\system\Common.php(1271): CodeIgniter\View\View->render('v_accueil', Array, true)
#4 C:\Users\gwilok\Desktop\code-igniter\project-root\app\Controllers\Caccueil.php(13): view('v_accueil')
#5 C:\Users\gwilok\Desktop\code-igniter\project-root\vendor\codeigniter4\framework\system\CodeIgniter.php(928): App\Controllers\Caccueil->index()
#6 C:\Users\gwilok\Desktop\code-igniter\project-root\vendor\codeigniter4\framework\system\CodeIgniter.php(436): CodeIgniter\CodeIgniter->runController(Object(App\Controllers\Caccueil))
#7 C:\Users\gwilok\Desktop\code-igniter\project-root\vendor\codeigniter4\framework\system\CodeIgniter.php(336): CodeIgniter\CodeIgniter->handleRequest(NULL, Object(Config\Cache), false)
#8 C:\Users\gwilok\Desktop\code-igniter\project-root\public\index.php(37): CodeIgniter\CodeIgniter->run()
#9 {main}
CRITICAL - 2021-06-08 04:33:07 --> Undefined variable: page_title
#0 C:\Users\gwilok\Desktop\code-igniter\project-root\app\Views\v_accueil.php(7): CodeIgniter\Debug\Exceptions->errorHandler(8, 'Undefined varia...', 'C:\\Users\\gwilok...', 7, Array)
#1 C:\Users\gwilok\Desktop\code-igniter\project-root\vendor\codeigniter4\framework\system\View\View.php(230): include('C:\\Users\\gwilok...')
#2 C:\Users\gwilok\Desktop\code-igniter\project-root\vendor\codeigniter4\framework\system\View\View.php(232): CodeIgniter\View\View->CodeIgniter\View\{closure}()
#3 C:\Users\gwilok\Desktop\code-igniter\project-root\vendor\codeigniter4\framework\system\Common.php(1271): CodeIgniter\View\View->render('v_accueil', Array, true)
#4 C:\Users\gwilok\Desktop\code-igniter\project-root\app\Controllers\Caccueil.php(13): view('v_accueil')
#5 C:\Users\gwilok\Desktop\code-igniter\project-root\vendor\codeigniter4\framework\system\CodeIgniter.php(928): App\Controllers\Caccueil->index()
#6 C:\Users\gwilok\Desktop\code-igniter\project-root\vendor\codeigniter4\framework\system\CodeIgniter.php(436): CodeIgniter\CodeIgniter->runController(Object(App\Controllers\Caccueil))
#7 C:\Users\gwilok\Desktop\code-igniter\project-root\vendor\codeigniter4\framework\system\CodeIgniter.php(336): CodeIgniter\CodeIgniter->handleRequest(NULL, Object(Config\Cache), false)
#8 C:\Users\gwilok\Desktop\code-igniter\project-root\public\index.php(37): CodeIgniter\CodeIgniter->run()
#9 {main}
CRITICAL - 2021-06-08 06:25:47 --> Undefined variable: contenu
#0 C:\Users\gwilok\Desktop\code-igniter\project-root\app\Views\Commun\v_template.php(64): CodeIgniter\Debug\Exceptions->errorHandler(8, 'Undefined varia...', 'C:\\Users\\gwilok...', 64, Array)
#1 C:\Users\gwilok\Desktop\code-igniter\project-root\vendor\codeigniter4\framework\system\View\View.php(230): include('C:\\Users\\gwilok...')
#2 C:\Users\gwilok\Desktop\code-igniter\project-root\vendor\codeigniter4\framework\system\View\View.php(232): CodeIgniter\View\View->CodeIgniter\View\{closure}()
#3 C:\Users\gwilok\Desktop\code-igniter\project-root\vendor\codeigniter4\framework\system\Common.php(1271): CodeIgniter\View\View->render('Commun/v_templa...', Array, true)
#4 C:\Users\gwilok\Desktop\code-igniter\project-root\app\Controllers\Caccueil.php(13): view('Commun/v_templa...', Array)
#5 C:\Users\gwilok\Desktop\code-igniter\project-root\vendor\codeigniter4\framework\system\CodeIgniter.php(928): App\Controllers\Caccueil->index()
#6 C:\Users\gwilok\Desktop\code-igniter\project-root\vendor\codeigniter4\framework\system\CodeIgniter.php(436): CodeIgniter\CodeIgniter->runController(Object(App\Controllers\Caccueil))
#7 C:\Users\gwilok\Desktop\code-igniter\project-root\vendor\codeigniter4\framework\system\CodeIgniter.php(336): CodeIgniter\CodeIgniter->handleRequest(NULL, Object(Config\Cache), false)
#8 C:\Users\gwilok\Desktop\code-igniter\project-root\public\index.php(37): CodeIgniter\CodeIgniter->run()
#9 {main}
CRITICAL - 2021-06-08 06:25:58 --> Undefined variable: contenu
#0 C:\Users\gwilok\Desktop\code-igniter\project-root\app\Views\Commun\v_template.php(64): CodeIgniter\Debug\Exceptions->errorHandler(8, 'Undefined varia...', 'C:\\Users\\gwilok...', 64, Array)
#1 C:\Users\gwilok\Desktop\code-igniter\project-root\vendor\codeigniter4\framework\system\View\View.php(230): include('C:\\Users\\gwilok...')
#2 C:\Users\gwilok\Desktop\code-igniter\project-root\vendor\codeigniter4\framework\system\View\View.php(232): CodeIgniter\View\View->CodeIgniter\View\{closure}()
#3 C:\Users\gwilok\Desktop\code-igniter\project-root\vendor\codeigniter4\framework\system\Common.php(1271): CodeIgniter\View\View->render('Commun/v_templa...', Array, true)
#4 C:\Users\gwilok\Desktop\code-igniter\project-root\app\Controllers\Caccueil.php(13): view('Commun/v_templa...', Array)
#5 C:\Users\gwilok\Desktop\code-igniter\project-root\vendor\codeigniter4\framework\system\CodeIgniter.php(928): App\Controllers\Caccueil->index()
#6 C:\Users\gwilok\Desktop\code-igniter\project-root\vendor\codeigniter4\framework\system\CodeIgniter.php(436): CodeIgniter\CodeIgniter->runController(Object(App\Controllers\Caccueil))
#7 C:\Users\gwilok\Desktop\code-igniter\project-root\vendor\codeigniter4\framework\system\CodeIgniter.php(336): CodeIgniter\CodeIgniter->handleRequest(NULL, Object(Config\Cache), false)
#8 C:\Users\gwilok\Desktop\code-igniter\project-root\public\index.php(37): CodeIgniter\CodeIgniter->run()
#9 {main}
CRITICAL - 2021-06-08 06:26:02 --> Undefined variable: contenu
#0 C:\Users\gwilok\Desktop\code-igniter\project-root\app\Views\Commun\v_template.php(64): CodeIgniter\Debug\Exceptions->errorHandler(8, 'Undefined varia...', 'C:\\Users\\gwilok...', 64, Array)
#1 C:\Users\gwilok\Desktop\code-igniter\project-root\vendor\codeigniter4\framework\system\View\View.php(230): include('C:\\Users\\gwilok...')
#2 C:\Users\gwilok\Desktop\code-igniter\project-root\vendor\codeigniter4\framework\system\View\View.php(232): CodeIgniter\View\View->CodeIgniter\View\{closure}()
#3 C:\Users\gwilok\Desktop\code-igniter\project-root\vendor\codeigniter4\framework\system\Common.php(1271): CodeIgniter\View\View->render('Commun/v_templa...', Array, true)
#4 C:\Users\gwilok\Desktop\code-igniter\project-root\app\Controllers\Caccueil.php(13): view('Commun/v_templa...', Array)
#5 C:\Users\gwilok\Desktop\code-igniter\project-root\vendor\codeigniter4\framework\system\CodeIgniter.php(928): App\Controllers\Caccueil->index()
#6 C:\Users\gwilok\Desktop\code-igniter\project-root\vendor\codeigniter4\framework\system\CodeIgniter.php(436): CodeIgniter\CodeIgniter->runController(Object(App\Controllers\Caccueil))
#7 C:\Users\gwilok\Desktop\code-igniter\project-root\vendor\codeigniter4\framework\system\CodeIgniter.php(336): CodeIgniter\CodeIgniter->handleRequest(NULL, Object(Config\Cache), false)
#8 C:\Users\gwilok\Desktop\code-igniter\project-root\public\index.php(37): CodeIgniter\CodeIgniter->run()
#9 {main}
CRITICAL - 2021-06-08 06:28:03 --> Undefined variable: contenu
#0 C:\Users\gwilok\Desktop\code-igniter\project-root\app\Views\Commun\v_template.php(65): CodeIgniter\Debug\Exceptions->errorHandler(8, 'Undefined varia...', 'C:\\Users\\gwilok...', 65, Array)
#1 C:\Users\gwilok\Desktop\code-igniter\project-root\vendor\codeigniter4\framework\system\View\View.php(230): include('C:\\Users\\gwilok...')
#2 C:\Users\gwilok\Desktop\code-igniter\project-root\vendor\codeigniter4\framework\system\View\View.php(232): CodeIgniter\View\View->CodeIgniter\View\{closure}()
#3 C:\Users\gwilok\Desktop\code-igniter\project-root\vendor\codeigniter4\framework\system\Common.php(1271): CodeIgniter\View\View->render('Commun/v_templa...', Array, true)
#4 C:\Users\gwilok\Desktop\code-igniter\project-root\app\Controllers\Caccueil.php(13): view('Commun/v_templa...', Array)
#5 C:\Users\gwilok\Desktop\code-igniter\project-root\vendor\codeigniter4\framework\system\CodeIgniter.php(928): App\Controllers\Caccueil->index()
#6 C:\Users\gwilok\Desktop\code-igniter\project-root\vendor\codeigniter4\framework\system\CodeIgniter.php(436): CodeIgniter\CodeIgniter->runController(Object(App\Controllers\Caccueil))
#7 C:\Users\gwilok\Desktop\code-igniter\project-root\vendor\codeigniter4\framework\system\CodeIgniter.php(336): CodeIgniter\CodeIgniter->handleRequest(NULL, Object(Config\Cache), false)
#8 C:\Users\gwilok\Desktop\code-igniter\project-root\public\index.php(37): CodeIgniter\CodeIgniter->run()
#9 {main}
CRITICAL - 2021-06-08 06:29:29 --> Undefined variable: contenu
#0 C:\Users\gwilok\Desktop\code-igniter\project-root\app\Views\Commun\v_template.php(65): CodeIgniter\Debug\Exceptions->errorHandler(8, 'Undefined varia...', 'C:\\Users\\gwilok...', 65, Array)
#1 C:\Users\gwilok\Desktop\code-igniter\project-root\vendor\codeigniter4\framework\system\View\View.php(230): include('C:\\Users\\gwilok...')
#2 C:\Users\gwilok\Desktop\code-igniter\project-root\vendor\codeigniter4\framework\system\View\View.php(232): CodeIgniter\View\View->CodeIgniter\View\{closure}()
#3 C:\Users\gwilok\Desktop\code-igniter\project-root\vendor\codeigniter4\framework\system\Common.php(1271): CodeIgniter\View\View->render('Commun/v_templa...', Array, true)
#4 C:\Users\gwilok\Desktop\code-igniter\project-root\app\Controllers\Caccueil.php(13): view('Commun/v_templa...', Array)
#5 C:\Users\gwilok\Desktop\code-igniter\project-root\vendor\codeigniter4\framework\system\CodeIgniter.php(928): App\Controllers\Caccueil->index()
#6 C:\Users\gwilok\Desktop\code-igniter\project-root\vendor\codeigniter4\framework\system\CodeIgniter.php(436): CodeIgniter\CodeIgniter->runController(Object(App\Controllers\Caccueil))
#7 C:\Users\gwilok\Desktop\code-igniter\project-root\vendor\codeigniter4\framework\system\CodeIgniter.php(336): CodeIgniter\CodeIgniter->handleRequest(NULL, Object(Config\Cache), false)
#8 C:\Users\gwilok\Desktop\code-igniter\project-root\public\index.php(37): CodeIgniter\CodeIgniter->run()
#9 {main}
CRITICAL - 2021-06-08 06:30:05 --> Undefined variable: contenu
#0 C:\Users\gwilok\Desktop\code-igniter\project-root\app\Views\Commun\v_template.php(65): CodeIgniter\Debug\Exceptions->errorHandler(8, 'Undefined varia...', 'C:\\Users\\gwilok...', 65, Array)
#1 C:\Users\gwilok\Desktop\code-igniter\project-root\vendor\codeigniter4\framework\system\View\View.php(230): include('C:\\Users\\gwilok...')
#2 C:\Users\gwilok\Desktop\code-igniter\project-root\vendor\codeigniter4\framework\system\View\View.php(232): CodeIgniter\View\View->CodeIgniter\View\{closure}()
#3 C:\Users\gwilok\Desktop\code-igniter\project-root\vendor\codeigniter4\framework\system\Common.php(1271): CodeIgniter\View\View->render('Commun/v_templa...', Array, true)
#4 C:\Users\gwilok\Desktop\code-igniter\project-root\app\Controllers\Caccueil.php(13): view('Commun/v_templa...', Array)
#5 C:\Users\gwilok\Desktop\code-igniter\project-root\vendor\codeigniter4\framework\system\CodeIgniter.php(928): App\Controllers\Caccueil->index()
#6 C:\Users\gwilok\Desktop\code-igniter\project-root\vendor\codeigniter4\framework\system\CodeIgniter.php(436): CodeIgniter\CodeIgniter->runController(Object(App\Controllers\Caccueil))
#7 C:\Users\gwilok\Desktop\code-igniter\project-root\vendor\codeigniter4\framework\system\CodeIgniter.php(336): CodeIgniter\CodeIgniter->handleRequest(NULL, Object(Config\Cache), false)
#8 C:\Users\gwilok\Desktop\code-igniter\project-root\public\index.php(37): CodeIgniter\CodeIgniter->run()
#9 {main}
CRITICAL - 2021-06-08 06:30:20 --> Undefined variable: contenu
#0 C:\Users\gwilok\Desktop\code-igniter\project-root\app\Views\Commun\v_template.php(65): CodeIgniter\Debug\Exceptions->errorHandler(8, 'Undefined varia...', 'C:\\Users\\gwilok...', 65, Array)
#1 C:\Users\gwilok\Desktop\code-igniter\project-root\vendor\codeigniter4\framework\system\View\View.php(230): include('C:\\Users\\gwilok...')
#2 C:\Users\gwilok\Desktop\code-igniter\project-root\vendor\codeigniter4\framework\system\View\View.php(232): CodeIgniter\View\View->CodeIgniter\View\{closure}()
#3 C:\Users\gwilok\Desktop\code-igniter\project-root\vendor\codeigniter4\framework\system\Common.php(1271): CodeIgniter\View\View->render('Commun/v_templa...', Array, true)
#4 C:\Users\gwilok\Desktop\code-igniter\project-root\app\Controllers\Caccueil.php(13): view('Commun/v_templa...', Array)
#5 C:\Users\gwilok\Desktop\code-igniter\project-root\vendor\codeigniter4\framework\system\CodeIgniter.php(928): App\Controllers\Caccueil->index()
#6 C:\Users\gwilok\Desktop\code-igniter\project-root\vendor\codeigniter4\framework\system\CodeIgniter.php(436): CodeIgniter\CodeIgniter->runController(Object(App\Controllers\Caccueil))
#7 C:\Users\gwilok\Desktop\code-igniter\project-root\vendor\codeigniter4\framework\system\CodeIgniter.php(336): CodeIgniter\CodeIgniter->handleRequest(NULL, Object(Config\Cache), false)
#8 C:\Users\gwilok\Desktop\code-igniter\project-root\public\index.php(37): CodeIgniter\CodeIgniter->run()
#9 {main}
CRITICAL - 2021-06-08 06:30:21 --> Undefined variable: contenu
#0 C:\Users\gwilok\Desktop\code-igniter\project-root\app\Views\Commun\v_template.php(65): CodeIgniter\Debug\Exceptions->errorHandler(8, 'Undefined varia...', 'C:\\Users\\gwilok...', 65, Array)
#1 C:\Users\gwilok\Desktop\code-igniter\project-root\vendor\codeigniter4\framework\system\View\View.php(230): include('C:\\Users\\gwilok...')
#2 C:\Users\gwilok\Desktop\code-igniter\project-root\vendor\codeigniter4\framework\system\View\View.php(232): CodeIgniter\View\View->CodeIgniter\View\{closure}()
#3 C:\Users\gwilok\Desktop\code-igniter\project-root\vendor\codeigniter4\framework\system\Common.php(1271): CodeIgniter\View\View->render('Commun/v_templa...', Array, true)
#4 C:\Users\gwilok\Desktop\code-igniter\project-root\app\Controllers\Caccueil.php(13): view('Commun/v_templa...', Array)
#5 C:\Users\gwilok\Desktop\code-igniter\project-root\vendor\codeigniter4\framework\system\CodeIgniter.php(928): App\Controllers\Caccueil->index()
#6 C:\Users\gwilok\Desktop\code-igniter\project-root\vendor\codeigniter4\framework\system\CodeIgniter.php(436): CodeIgniter\CodeIgniter->runController(Object(App\Controllers\Caccueil))
#7 C:\Users\gwilok\Desktop\code-igniter\project-root\vendor\codeigniter4\framework\system\CodeIgniter.php(336): CodeIgniter\CodeIgniter->handleRequest(NULL, Object(Config\Cache), false)
#8 C:\Users\gwilok\Desktop\code-igniter\project-root\public\index.php(37): CodeIgniter\CodeIgniter->run()
#9 {main}
CRITICAL - 2021-06-08 06:31:01 --> Undefined variable: contenu
#0 C:\Users\gwilok\Desktop\code-igniter\project-root\app\Views\Commun\v_template.php(65): CodeIgniter\Debug\Exceptions->errorHandler(8, 'Undefined varia...', 'C:\\Users\\gwilok...', 65, Array)
#1 C:\Users\gwilok\Desktop\code-igniter\project-root\vendor\codeigniter4\framework\system\View\View.php(230): include('C:\\Users\\gwilok...')
#2 C:\Users\gwilok\Desktop\code-igniter\project-root\vendor\codeigniter4\framework\system\View\View.php(232): CodeIgniter\View\View->CodeIgniter\View\{closure}()
#3 C:\Users\gwilok\Desktop\code-igniter\project-root\vendor\codeigniter4\framework\system\Common.php(1271): CodeIgniter\View\View->render('Commun/v_templa...', Array, true)
#4 C:\Users\gwilok\Desktop\code-igniter\project-root\app\Controllers\Caccueil.php(13): view('Commun/v_templa...', Array)
#5 C:\Users\gwilok\Desktop\code-igniter\project-root\vendor\codeigniter4\framework\system\CodeIgniter.php(928): App\Controllers\Caccueil->index()
#6 C:\Users\gwilok\Desktop\code-igniter\project-root\vendor\codeigniter4\framework\system\CodeIgniter.php(436): CodeIgniter\CodeIgniter->runController(Object(App\Controllers\Caccueil))
#7 C:\Users\gwilok\Desktop\code-igniter\project-root\vendor\codeigniter4\framework\system\CodeIgniter.php(336): CodeIgniter\CodeIgniter->handleRequest(NULL, Object(Config\Cache), false)
#8 C:\Users\gwilok\Desktop\code-igniter\project-root\public\index.php(37): CodeIgniter\CodeIgniter->run()
#9 {main}
CRITICAL - 2021-06-08 06:32:26 --> Undefined variable: contenu
#0 C:\Users\gwilok\Desktop\code-igniter\project-root\app\Views\Commun\v_template.php(65): CodeIgniter\Debug\Exceptions->errorHandler(8, 'Undefined varia...', 'C:\\Users\\gwilok...', 65, Array)
#1 C:\Users\gwilok\Desktop\code-igniter\project-root\vendor\codeigniter4\framework\system\View\View.php(230): include('C:\\Users\\gwilok...')
#2 C:\Users\gwilok\Desktop\code-igniter\project-root\vendor\codeigniter4\framework\system\View\View.php(232): CodeIgniter\View\View->CodeIgniter\View\{closure}()
#3 C:\Users\gwilok\Desktop\code-igniter\project-root\vendor\codeigniter4\framework\system\Common.php(1271): CodeIgniter\View\View->render('Commun/v_templa...', Array, true)
#4 C:\Users\gwilok\Desktop\code-igniter\project-root\app\Controllers\Caccueil.php(13): view('Commun/v_templa...', Array)
#5 C:\Users\gwilok\Desktop\code-igniter\project-root\vendor\codeigniter4\framework\system\CodeIgniter.php(928): App\Controllers\Caccueil->index()
#6 C:\Users\gwilok\Desktop\code-igniter\project-root\vendor\codeigniter4\framework\system\CodeIgniter.php(436): CodeIgniter\CodeIgniter->runController(Object(App\Controllers\Caccueil))
#7 C:\Users\gwilok\Desktop\code-igniter\project-root\vendor\codeigniter4\framework\system\CodeIgniter.php(336): CodeIgniter\CodeIgniter->handleRequest(NULL, Object(Config\Cache), false)
#8 C:\Users\gwilok\Desktop\code-igniter\project-root\public\index.php(37): CodeIgniter\CodeIgniter->run()
#9 {main}
CRITICAL - 2021-06-08 06:32:30 --> Undefined variable: contenu
#0 C:\Users\gwilok\Desktop\code-igniter\project-root\app\Views\Commun\v_template.php(65): CodeIgniter\Debug\Exceptions->errorHandler(8, 'Undefined varia...', 'C:\\Users\\gwilok...', 65, Array)
#1 C:\Users\gwilok\Desktop\code-igniter\project-root\vendor\codeigniter4\framework\system\View\View.php(230): include('C:\\Users\\gwilok...')
#2 C:\Users\gwilok\Desktop\code-igniter\project-root\vendor\codeigniter4\framework\system\View\View.php(232): CodeIgniter\View\View->CodeIgniter\View\{closure}()
#3 C:\Users\gwilok\Desktop\code-igniter\project-root\vendor\codeigniter4\framework\system\Common.php(1271): CodeIgniter\View\View->render('Commun/v_templa...', Array, true)
#4 C:\Users\gwilok\Desktop\code-igniter\project-root\app\Controllers\Caccueil.php(13): view('Commun/v_templa...', Array)
#5 C:\Users\gwilok\Desktop\code-igniter\project-root\vendor\codeigniter4\framework\system\CodeIgniter.php(928): App\Controllers\Caccueil->index()
#6 C:\Users\gwilok\Desktop\code-igniter\project-root\vendor\codeigniter4\framework\system\CodeIgniter.php(436): CodeIgniter\CodeIgniter->runController(Object(App\Controllers\Caccueil))
#7 C:\Users\gwilok\Desktop\code-igniter\project-root\vendor\codeigniter4\framework\system\CodeIgniter.php(336): CodeIgniter\CodeIgniter->handleRequest(NULL, Object(Config\Cache), false)
#8 C:\Users\gwilok\Desktop\code-igniter\project-root\public\index.php(37): CodeIgniter\CodeIgniter->run()
#9 {main}
CRITICAL - 2021-06-08 06:34:18 --> Undefined variable: contenu
#0 C:\Users\gwilok\Desktop\code-igniter\project-root\app\Views\Commun\v_template.php(65): CodeIgniter\Debug\Exceptions->errorHandler(8, 'Undefined varia...', 'C:\\Users\\gwilok...', 65, Array)
#1 C:\Users\gwilok\Desktop\code-igniter\project-root\vendor\codeigniter4\framework\system\View\View.php(230): include('C:\\Users\\gwilok...')
#2 C:\Users\gwilok\Desktop\code-igniter\project-root\vendor\codeigniter4\framework\system\View\View.php(232): CodeIgniter\View\View->CodeIgniter\View\{closure}()
#3 C:\Users\gwilok\Desktop\code-igniter\project-root\vendor\codeigniter4\framework\system\Common.php(1271): CodeIgniter\View\View->render('Commun/v_templa...', Array, true)
#4 C:\Users\gwilok\Desktop\code-igniter\project-root\app\Controllers\Caccueil.php(13): view('Commun/v_templa...', Array)
#5 C:\Users\gwilok\Desktop\code-igniter\project-root\vendor\codeigniter4\framework\system\CodeIgniter.php(928): App\Controllers\Caccueil->index()
#6 C:\Users\gwilok\Desktop\code-igniter\project-root\vendor\codeigniter4\framework\system\CodeIgniter.php(436): CodeIgniter\CodeIgniter->runController(Object(App\Controllers\Caccueil))
#7 C:\Users\gwilok\Desktop\code-igniter\project-root\vendor\codeigniter4\framework\system\CodeIgniter.php(336): CodeIgniter\CodeIgniter->handleRequest(NULL, Object(Config\Cache), false)
#8 C:\Users\gwilok\Desktop\code-igniter\project-root\public\index.php(37): CodeIgniter\CodeIgniter->run()
#9 {main}
CRITICAL - 2021-06-08 06:34:22 --> Undefined variable: contenu
#0 C:\Users\gwilok\Desktop\code-igniter\project-root\app\Views\Commun\v_template.php(65): CodeIgniter\Debug\Exceptions->errorHandler(8, 'Undefined varia...', 'C:\\Users\\gwilok...', 65, Array)
#1 C:\Users\gwilok\Desktop\code-igniter\project-root\vendor\codeigniter4\framework\system\View\View.php(230): include('C:\\Users\\gwilok...')
#2 C:\Users\gwilok\Desktop\code-igniter\project-root\vendor\codeigniter4\framework\system\View\View.php(232): CodeIgniter\View\View->CodeIgniter\View\{closure}()
#3 C:\Users\gwilok\Desktop\code-igniter\project-root\vendor\codeigniter4\framework\system\Common.php(1271): CodeIgniter\View\View->render('Commun/v_templa...', Array, true)
#4 C:\Users\gwilok\Desktop\code-igniter\project-root\app\Controllers\Caccueil.php(13): view('Commun/v_templa...', Array)
#5 C:\Users\gwilok\Desktop\code-igniter\project-root\vendor\codeigniter4\framework\system\CodeIgniter.php(928): App\Controllers\Caccueil->index()
#6 C:\Users\gwilok\Desktop\code-igniter\project-root\vendor\codeigniter4\framework\system\CodeIgniter.php(436): CodeIgniter\CodeIgniter->runController(Object(App\Controllers\Caccueil))
#7 C:\Users\gwilok\Desktop\code-igniter\project-root\vendor\codeigniter4\framework\system\CodeIgniter.php(336): CodeIgniter\CodeIgniter->handleRequest(NULL, Object(Config\Cache), false)
#8 C:\Users\gwilok\Desktop\code-igniter\project-root\public\index.php(37): CodeIgniter\CodeIgniter->run()
#9 {main}
CRITICAL - 2021-06-08 06:35:51 --> Undefined variable: contenu
#0 C:\Users\gwilok\Desktop\code-igniter\project-root\app\Views\Commun\v_template.php(65): CodeIgniter\Debug\Exceptions->errorHandler(8, 'Undefined varia...', 'C:\\Users\\gwilok...', 65, Array)
#1 C:\Users\gwilok\Desktop\code-igniter\project-root\vendor\codeigniter4\framework\system\View\View.php(230): include('C:\\Users\\gwilok...')
#2 C:\Users\gwilok\Desktop\code-igniter\project-root\vendor\codeigniter4\framework\system\View\View.php(232): CodeIgniter\View\View->CodeIgniter\View\{closure}()
#3 C:\Users\gwilok\Desktop\code-igniter\project-root\vendor\codeigniter4\framework\system\Common.php(1271): CodeIgniter\View\View->render('Commun/v_templa...', Array, true)
#4 C:\Users\gwilok\Desktop\code-igniter\project-root\app\Controllers\Caccueil.php(13): view('Commun/v_templa...', Array)
#5 C:\Users\gwilok\Desktop\code-igniter\project-root\vendor\codeigniter4\framework\system\CodeIgniter.php(928): App\Controllers\Caccueil->index()
#6 C:\Users\gwilok\Desktop\code-igniter\project-root\vendor\codeigniter4\framework\system\CodeIgniter.php(436): CodeIgniter\CodeIgniter->runController(Object(App\Controllers\Caccueil))
#7 C:\Users\gwilok\Desktop\code-igniter\project-root\vendor\codeigniter4\framework\system\CodeIgniter.php(336): CodeIgniter\CodeIgniter->handleRequest(NULL, Object(Config\Cache), false)
#8 C:\Users\gwilok\Desktop\code-igniter\project-root\public\index.php(37): CodeIgniter\CodeIgniter->run()
#9 {main}
CRITICAL - 2021-06-08 07:29:30 --> Cannot declare class App\Controllers\Caccueil, because the name is already in use
#0 [internal function]: CodeIgniter\Debug\Exceptions->shutdownHandler()
#1 {main}
CRITICAL - 2021-06-08 07:31:47 --> Cannot declare class App\Controllers\Caccueil, because the name is already in use
#0 [internal function]: CodeIgniter\Debug\Exceptions->shutdownHandler()
#1 {main}
CRITICAL - 2021-06-08 07:31:48 --> Cannot declare class App\Controllers\Caccueil, because the name is already in use
#0 [internal function]: CodeIgniter\Debug\Exceptions->shutdownHandler()
#1 {main}
CRITICAL - 2021-06-08 07:31:49 --> Cannot declare class App\Controllers\Caccueil, because the name is already in use
#0 [internal function]: CodeIgniter\Debug\Exceptions->shutdownHandler()
#1 {main}
CRITICAL - 2021-06-08 07:31:53 --> Cannot declare class App\Controllers\Caccueil, because the name is already in use
#0 [internal function]: CodeIgniter\Debug\Exceptions->shutdownHandler()
#1 {main}
CRITICAL - 2021-06-08 07:32:33 --> Cannot declare class App\Controllers\Caccueil, because the name is already in use
#0 [internal function]: CodeIgniter\Debug\Exceptions->shutdownHandler()
#1 {main}
CRITICAL - 2021-06-08 07:32:34 --> Cannot declare class App\Controllers\Caccueil, because the name is already in use
#0 [internal function]: CodeIgniter\Debug\Exceptions->shutdownHandler()
#1 {main}
CRITICAL - 2021-06-08 07:32:52 --> Cannot declare class App\Controllers\Caccueil, because the name is already in use
#0 [internal function]: CodeIgniter\Debug\Exceptions->shutdownHandler()
#1 {main}
CRITICAL - 2021-06-08 07:32:56 --> Cannot declare class App\Controllers\Caccueil, because the name is already in use
#0 [internal function]: CodeIgniter\Debug\Exceptions->shutdownHandler()
#1 {main}
CRITICAL - 2021-06-08 07:32:59 --> Cannot declare class App\Controllers\Caccueil, because the name is already in use
#0 [internal function]: CodeIgniter\Debug\Exceptions->shutdownHandler()
#1 {main}
CRITICAL - 2021-06-08 07:33:03 --> Cannot declare class App\Controllers\Caccueil, because the name is already in use
#0 [internal function]: CodeIgniter\Debug\Exceptions->shutdownHandler()
#1 {main}
CRITICAL - 2021-06-08 07:35:44 --> Cannot declare class App\Controllers\Caccueil, because the name is already in use
#0 [internal function]: CodeIgniter\Debug\Exceptions->shutdownHandler()
#1 {main}
CRITICAL - 2021-06-08 07:35:48 --> Cannot declare class App\Controllers\Caccueil, because the name is already in use
#0 [internal function]: CodeIgniter\Debug\Exceptions->shutdownHandler()
#1 {main}
CRITICAL - 2021-06-08 07:37:30 --> Cannot declare class App\Controllers\Caccueil, because the name is already in use
#0 [internal function]: CodeIgniter\Debug\Exceptions->shutdownHandler()
#1 {main}
CRITICAL - 2021-06-08 07:37:53 --> Cannot declare class App\Controllers\Caccueil, because the name is already in use
#0 [internal function]: CodeIgniter\Debug\Exceptions->shutdownHandler()
#1 {main}
CRITICAL - 2021-06-08 07:37:57 --> Cannot declare class App\Controllers\Caccueil, because the name is already in use
#0 [internal function]: CodeIgniter\Debug\Exceptions->shutdownHandler()
#1 {main}
ERROR - 2021-06-08 08:00:57 --> Error connecting to the database: Accès refusé pour l'utilisateur: '****'@'@localhost' (mot de passe: OUI)
CRITICAL - 2021-06-08 08:00:57 --> Unable to connect to the database.
Main connection [MySQLi]: Accès refusé pour l'utilisateur: '****'@'@localhost' (mot de passe: OUI)
#0 C:\Users\gwilok\Desktop\code-igniter\project-root\vendor\codeigniter4\framework\system\Database\BaseConnection.php(625): CodeIgniter\Database\BaseConnection->initialize()
#1 C:\Users\gwilok\Desktop\code-igniter\project-root\vendor\codeigniter4\framework\system\Database\BaseBuilder.php(1881): CodeIgniter\Database\BaseConnection->query('SELECT `Id`, `A...', Array, false)
#2 C:\Users\gwilok\Desktop\code-igniter\project-root\vendor\codeigniter4\framework\system\Model.php(197): CodeIgniter\Database\BaseBuilder->get()
#3 C:\Users\gwilok\Desktop\code-igniter\project-root\vendor\codeigniter4\framework\system\BaseModel.php(603): CodeIgniter\Model->doFindAll(0, 0)
#4 C:\Users\gwilok\Desktop\code-igniter\project-root\app\Models\Mconteneur.php(15): CodeIgniter\BaseModel->findAll()
#5 C:\Users\gwilok\Desktop\code-igniter\project-root\app\Controllers\Cconteneur.php(12): App\Models\Mconteneur->getAll()
#6 C:\Users\gwilok\Desktop\code-igniter\project-root\vendor\codeigniter4\framework\system\CodeIgniter.php(928): App\Controllers\Cconteneur->index()
#7 C:\Users\gwilok\Desktop\code-igniter\project-root\vendor\codeigniter4\framework\system\CodeIgniter.php(436): CodeIgniter\CodeIgniter->runController(Object(App\Controllers\Cconteneur))
#8 C:\Users\gwilok\Desktop\code-igniter\project-root\vendor\codeigniter4\framework\system\CodeIgniter.php(336): CodeIgniter\CodeIgniter->handleRequest(NULL, Object(Config\Cache), false)
#9 C:\Users\gwilok\Desktop\code-igniter\project-root\public\index.php(37): CodeIgniter\CodeIgniter->run()
#10 {main}
ERROR - 2021-06-08 08:03:18 --> Error connecting to the database: Accès refusé pour l'utilisateur: '****'@'@localhost' (mot de passe: OUI)
CRITICAL - 2021-06-08 08:03:18 --> Unable to connect to the database.
Main connection [MySQLi]: Accès refusé pour l'utilisateur: '****'@'@localhost' (mot de passe: OUI)
#0 C:\Users\gwilok\Desktop\code-igniter\project-root\vendor\codeigniter4\framework\system\Database\BaseConnection.php(625): CodeIgniter\Database\BaseConnection->initialize()
#1 C:\Users\gwilok\Desktop\code-igniter\project-root\vendor\codeigniter4\framework\system\Database\BaseBuilder.php(1881): CodeIgniter\Database\BaseConnection->query('SELECT `Id`, `A...', Array, false)
#2 C:\Users\gwilok\Desktop\code-igniter\project-root\vendor\codeigniter4\framework\system\Model.php(197): CodeIgniter\Database\BaseBuilder->get()
#3 C:\Users\gwilok\Desktop\code-igniter\project-root\vendor\codeigniter4\framework\system\BaseModel.php(603): CodeIgniter\Model->doFindAll(0, 0)
#4 C:\Users\gwilok\Desktop\code-igniter\project-root\app\Models\Mconteneur.php(15): CodeIgniter\BaseModel->findAll()
#5 C:\Users\gwilok\Desktop\code-igniter\project-root\app\Controllers\Cconteneur.php(12): App\Models\Mconteneur->getAll()
#6 C:\Users\gwilok\Desktop\code-igniter\project-root\vendor\codeigniter4\framework\system\CodeIgniter.php(928): App\Controllers\Cconteneur->index()
#7 C:\Users\gwilok\Desktop\code-igniter\project-root\vendor\codeigniter4\framework\system\CodeIgniter.php(436): CodeIgniter\CodeIgniter->runController(Object(App\Controllers\Cconteneur))
#8 C:\Users\gwilok\Desktop\code-igniter\project-root\vendor\codeigniter4\framework\system\CodeIgniter.php(336): CodeIgniter\CodeIgniter->handleRequest(NULL, Object(Config\Cache), false)
#9 C:\Users\gwilok\Desktop\code-igniter\project-root\public\index.php(37): CodeIgniter\CodeIgniter->run()
#10 {main}
ERROR - 2021-06-08 08:03:23 --> Error connecting to the database: Accès refusé pour l'utilisateur: '****'@'@localhost' (mot de passe: OUI)
CRITICAL - 2021-06-08 08:03:23 --> Unable to connect to the database.
Main connection [MySQLi]: Accès refusé pour l'utilisateur: '****'@'@localhost' (mot de passe: OUI)
#0 C:\Users\gwilok\Desktop\code-igniter\project-root\vendor\codeigniter4\framework\system\Database\BaseConnection.php(625): CodeIgniter\Database\BaseConnection->initialize()
#1 C:\Users\gwilok\Desktop\code-igniter\project-root\vendor\codeigniter4\framework\system\Database\BaseBuilder.php(1881): CodeIgniter\Database\BaseConnection->query('SELECT `Id`, `A...', Array, false)
#2 C:\Users\gwilok\Desktop\code-igniter\project-root\vendor\codeigniter4\framework\system\Model.php(197): CodeIgniter\Database\BaseBuilder->get()
#3 C:\Users\gwilok\Desktop\code-igniter\project-root\vendor\codeigniter4\framework\system\BaseModel.php(603): CodeIgniter\Model->doFindAll(0, 0)
#4 C:\Users\gwilok\Desktop\code-igniter\project-root\app\Models\Mconteneur.php(15): CodeIgniter\BaseModel->findAll()
#5 C:\Users\gwilok\Desktop\code-igniter\project-root\app\Controllers\Cconteneur.php(12): App\Models\Mconteneur->getAll()
#6 C:\Users\gwilok\Desktop\code-igniter\project-root\vendor\codeigniter4\framework\system\CodeIgniter.php(928): App\Controllers\Cconteneur->index()
#7 C:\Users\gwilok\Desktop\code-igniter\project-root\vendor\codeigniter4\framework\system\CodeIgniter.php(436): CodeIgniter\CodeIgniter->runController(Object(App\Controllers\Cconteneur))
#8 C:\Users\gwilok\Desktop\code-igniter\project-root\vendor\codeigniter4\framework\system\CodeIgniter.php(336): CodeIgniter\CodeIgniter->handleRequest(NULL, Object(Config\Cache), false)
#9 C:\Users\gwilok\Desktop\code-igniter\project-root\public\index.php(37): CodeIgniter\CodeIgniter->run()
#10 {main}
ERROR - 2021-06-08 08:04:33 --> Error connecting to the database: Accès refusé pour l'utilisateur: '****'@'@localhost' (mot de passe: OUI)
CRITICAL - 2021-06-08 08:04:33 --> Unable to connect to the database.
Main connection [MySQLi]: Accès refusé pour l'utilisateur: '****'@'@localhost' (mot de passe: OUI)
#0 C:\Users\gwilok\Desktop\code-igniter\project-root\vendor\codeigniter4\framework\system\Database\BaseConnection.php(625): CodeIgniter\Database\BaseConnection->initialize()
#1 C:\Users\gwilok\Desktop\code-igniter\project-root\vendor\codeigniter4\framework\system\Database\BaseBuilder.php(1881): CodeIgniter\Database\BaseConnection->query('SELECT `Id`, `A...', Array, false)
#2 C:\Users\gwilok\Desktop\code-igniter\project-root\vendor\codeigniter4\framework\system\Model.php(197): CodeIgniter\Database\BaseBuilder->get()
#3 C:\Users\gwilok\Desktop\code-igniter\project-root\vendor\codeigniter4\framework\system\BaseModel.php(603): CodeIgniter\Model->doFindAll(0, 0)
#4 C:\Users\gwilok\Desktop\code-igniter\project-root\app\Models\Mconteneur.php(15): CodeIgniter\BaseModel->findAll()
#5 C:\Users\gwilok\Desktop\code-igniter\project-root\app\Controllers\Cconteneur.php(12): App\Models\Mconteneur->getAll()
#6 C:\Users\gwilok\Desktop\code-igniter\project-root\vendor\codeigniter4\framework\system\CodeIgniter.php(928): App\Controllers\Cconteneur->index()
#7 C:\Users\gwilok\Desktop\code-igniter\project-root\vendor\codeigniter4\framework\system\CodeIgniter.php(436): CodeIgniter\CodeIgniter->runController(Object(App\Controllers\Cconteneur))
#8 C:\Users\gwilok\Desktop\code-igniter\project-root\vendor\codeigniter4\framework\system\CodeIgniter.php(336): CodeIgniter\CodeIgniter->handleRequest(NULL, Object(Config\Cache), false)
#9 C:\Users\gwilok\Desktop\code-igniter\project-root\public\index.php(37): CodeIgniter\CodeIgniter->run()
#10 {main}
ERROR - 2021-06-08 08:05:00 --> Error connecting to the database: Accès refusé pour l'utilisateur: '****'@'@localhost' (mot de passe: OUI)
CRITICAL - 2021-06-08 08:05:00 --> Unable to connect to the database.
Main connection [MySQLi]: Accès refusé pour l'utilisateur: '****'@'@localhost' (mot de passe: OUI)
#0 C:\Users\gwilok\Desktop\code-igniter\project-root\vendor\codeigniter4\framework\system\Database\BaseConnection.php(625): CodeIgniter\Database\BaseConnection->initialize()
#1 C:\Users\gwilok\Desktop\code-igniter\project-root\vendor\codeigniter4\framework\system\Database\BaseBuilder.php(1881): CodeIgniter\Database\BaseConnection->query('SELECT `Id`, `A...', Array, false)
#2 C:\Users\gwilok\Desktop\code-igniter\project-root\vendor\codeigniter4\framework\system\Model.php(197): CodeIgniter\Database\BaseBuilder->get()
#3 C:\Users\gwilok\Desktop\code-igniter\project-root\vendor\codeigniter4\framework\system\BaseModel.php(603): CodeIgniter\Model->doFindAll(0, 0)
#4 C:\Users\gwilok\Desktop\code-igniter\project-root\app\Models\Mconteneur.php(15): CodeIgniter\BaseModel->findAll()
#5 C:\Users\gwilok\Desktop\code-igniter\project-root\app\Controllers\Cconteneur.php(12): App\Models\Mconteneur->getAll()
#6 C:\Users\gwilok\Desktop\code-igniter\project-root\vendor\codeigniter4\framework\system\CodeIgniter.php(928): App\Controllers\Cconteneur->index()
#7 C:\Users\gwilok\Desktop\code-igniter\project-root\vendor\codeigniter4\framework\system\CodeIgniter.php(436): CodeIgniter\CodeIgniter->runController(Object(App\Controllers\Cconteneur))
#8 C:\Users\gwilok\Desktop\code-igniter\project-root\vendor\codeigniter4\framework\system\CodeIgniter.php(336): CodeIgniter\CodeIgniter->handleRequest(NULL, Object(Config\Cache), false)
#9 C:\Users\gwilok\Desktop\code-igniter\project-root\public\index.php(37): CodeIgniter\CodeIgniter->run()
#10 {main}
CRITICAL - 2021-06-08 08:42:38 --> syntax error, unexpected '{'
#0 C:\Users\gwilok\Desktop\code-igniter\project-root\vendor\codeigniter4\framework\system\View\View.php(232): CodeIgniter\View\View->CodeIgniter\View\{closure}()
#1 C:\Users\gwilok\Desktop\code-igniter\project-root\vendor\codeigniter4\framework\system\Common.php(1271): CodeIgniter\View\View->render('Conteneurs/v_li...', Array, true)
#2 C:\Users\gwilok\Desktop\code-igniter\project-root\app\Controllers\Cconteneur.php(15): view('Conteneurs/v_li...', Array)
#3 C:\Users\gwilok\Desktop\code-igniter\project-root\vendor\codeigniter4\framework\system\CodeIgniter.php(928): App\Controllers\Cconteneur->index()
#4 C:\Users\gwilok\Desktop\code-igniter\project-root\vendor\codeigniter4\framework\system\CodeIgniter.php(436): CodeIgniter\CodeIgniter->runController(Object(App\Controllers\Cconteneur))
#5 C:\Users\gwilok\Desktop\code-igniter\project-root\vendor\codeigniter4\framework\system\CodeIgniter.php(336): CodeIgniter\CodeIgniter->handleRequest(NULL, Object(Config\Cache), false)
#6 C:\Users\gwilok\Desktop\code-igniter\project-root\public\index.php(37): CodeIgniter\CodeIgniter->run()
#7 {main}
CRITICAL - 2021-06-08 08:56:52 --> Call to undefined method CodeIgniter\Pager\Pager::before_page_number()
#0 C:\Users\gwilok\Desktop\code-igniter\project-root\vendor\codeigniter4\framework\system\View\View.php(230): include()
#1 C:\Users\gwilok\Desktop\code-igniter\project-root\vendor\codeigniter4\framework\system\View\View.php(232): CodeIgniter\View\View->CodeIgniter\View\{closure}()
#2 C:\Users\gwilok\Desktop\code-igniter\project-root\vendor\codeigniter4\framework\system\Common.php(1271): CodeIgniter\View\View->render('Conteneurs/v_li...', Array, true)
#3 C:\Users\gwilok\Desktop\code-igniter\project-root\app\Controllers\Cconteneur.php(16): view('Conteneurs/v_li...', Array)
#4 C:\Users\gwilok\Desktop\code-igniter\project-root\vendor\codeigniter4\framework\system\CodeIgniter.php(928): App\Controllers\Cconteneur->index()
#5 C:\Users\gwilok\Desktop\code-igniter\project-root\vendor\codeigniter4\framework\system\CodeIgniter.php(436): CodeIgniter\CodeIgniter->runController(Object(App\Controllers\Cconteneur))
#6 C:\Users\gwilok\Desktop\code-igniter\project-root\vendor\codeigniter4\framework\system\CodeIgniter.php(336): CodeIgniter\CodeIgniter->handleRequest(NULL, Object(Config\Cache), false)
#7 C:\Users\gwilok\Desktop\code-igniter\project-root\public\index.php(37): CodeIgniter\CodeIgniter->run()
#8 {main}
CRITICAL - 2021-06-08 09:54:54 --> Undefined variable: titre1
#0 C:\Users\gwilok\Desktop\code-igniter\project-root\app\Views\Conteneurs\v_detail_conteneur.php(2): CodeIgniter\Debug\Exceptions->errorHandler(8, 'Undefined varia...', 'C:\\Users\\gwilok...', 2, Array)
#1 C:\Users\gwilok\Desktop\code-igniter\project-root\vendor\codeigniter4\framework\system\View\View.php(230): include('C:\\Users\\gwilok...')
#2 C:\Users\gwilok\Desktop\code-igniter\project-root\vendor\codeigniter4\framework\system\View\View.php(232): CodeIgniter\View\View->CodeIgniter\View\{closure}()
#3 C:\Users\gwilok\Desktop\code-igniter\project-root\vendor\codeigniter4\framework\system\Common.php(1271): CodeIgniter\View\View->render('Conteneurs/v_de...', Array, true)
#4 C:\Users\gwilok\Desktop\code-igniter\project-root\app\Controllers\Cconteneur.php(29): view('Conteneurs/v_de...', Array)
#5 C:\Users\gwilok\Desktop\code-igniter\project-root\vendor\codeigniter4\framework\system\CodeIgniter.php(928): App\Controllers\Cconteneur->detail('20')
#6 C:\Users\gwilok\Desktop\code-igniter\project-root\vendor\codeigniter4\framework\system\CodeIgniter.php(436): CodeIgniter\CodeIgniter->runController(Object(App\Controllers\Cconteneur))
#7 C:\Users\gwilok\Desktop\code-igniter\project-root\vendor\codeigniter4\framework\system\CodeIgniter.php(336): CodeIgniter\CodeIgniter->handleRequest(NULL, Object(Config\Cache), false)
#8 C:\Users\gwilok\Desktop\code-igniter\project-root\public\index.php(37): CodeIgniter\CodeIgniter->run()
#9 {main}
CRITICAL - 2021-06-08 09:55:07 --> Undefined variable: titre1
#0 C:\Users\gwilok\Desktop\code-igniter\project-root\app\Views\Conteneurs\v_detail_conteneur.php(2): CodeIgniter\Debug\Exceptions->errorHandler(8, 'Undefined varia...', 'C:\\Users\\gwilok...', 2, Array)
#1 C:\Users\gwilok\Desktop\code-igniter\project-root\vendor\codeigniter4\framework\system\View\View.php(230): include('C:\\Users\\gwilok...')
#2 C:\Users\gwilok\Desktop\code-igniter\project-root\vendor\codeigniter4\framework\system\View\View.php(232): CodeIgniter\View\View->CodeIgniter\View\{closure}()
#3 C:\Users\gwilok\Desktop\code-igniter\project-root\vendor\codeigniter4\framework\system\Common.php(1271): CodeIgniter\View\View->render('Conteneurs/v_de...', Array, true)
#4 C:\Users\gwilok\Desktop\code-igniter\project-root\app\Controllers\Cconteneur.php(29): view('Conteneurs/v_de...', Array)
#5 C:\Users\gwilok\Desktop\code-igniter\project-root\vendor\codeigniter4\framework\system\CodeIgniter.php(928): App\Controllers\Cconteneur->detail('15')
#6 C:\Users\gwilok\Desktop\code-igniter\project-root\vendor\codeigniter4\framework\system\CodeIgniter.php(436): CodeIgniter\CodeIgniter->runController(Object(App\Controllers\Cconteneur))
#7 C:\Users\gwilok\Desktop\code-igniter\project-root\vendor\codeigniter4\framework\system\CodeIgniter.php(336): CodeIgniter\CodeIgniter->handleRequest(NULL, Object(Config\Cache), false)
#8 C:\Users\gwilok\Desktop\code-igniter\project-root\public\index.php(37): CodeIgniter\CodeIgniter->run()
#9 {main}
CRITICAL - 2021-06-08 09:57:55 --> Undefined variable: titre1
#0 C:\Users\gwilok\Desktop\code-igniter\project-root\app\Views\Conteneurs\v_detail_conteneur.php(2): CodeIgniter\Debug\Exceptions->errorHandler(8, 'Undefined varia...', 'C:\\Users\\gwilok...', 2, Array)
#1 C:\Users\gwilok\Desktop\code-igniter\project-root\vendor\codeigniter4\framework\system\View\View.php(230): include('C:\\Users\\gwilok...')
#2 C:\Users\gwilok\Desktop\code-igniter\project-root\vendor\codeigniter4\framework\system\View\View.php(232): CodeIgniter\View\View->CodeIgniter\View\{closure}()
#3 C:\Users\gwilok\Desktop\code-igniter\project-root\vendor\codeigniter4\framework\system\Common.php(1271): CodeIgniter\View\View->render('Conteneurs/v_de...', Array, true)
#4 C:\Users\gwilok\Desktop\code-igniter\project-root\app\Controllers\Cconteneur.php(29): view('Conteneurs/v_de...', Array)
#5 C:\Users\gwilok\Desktop\code-igniter\project-root\vendor\codeigniter4\framework\system\CodeIgniter.php(928): App\Controllers\Cconteneur->detail('15')
#6 C:\Users\gwilok\Desktop\code-igniter\project-root\vendor\codeigniter4\framework\system\CodeIgniter.php(436): CodeIgniter\CodeIgniter->runController(Object(App\Controllers\Cconteneur))
#7 C:\Users\gwilok\Desktop\code-igniter\project-root\vendor\codeigniter4\framework\system\CodeIgniter.php(336): CodeIgniter\CodeIgniter->handleRequest(NULL, Object(Config\Cache), false)
#8 C:\Users\gwilok\Desktop\code-igniter\project-root\public\index.php(37): CodeIgniter\CodeIgniter->run()
#9 {main}
CRITICAL - 2021-06-08 09:58:01 --> Undefined variable: titre1
#0 C:\Users\gwilok\Desktop\code-igniter\project-root\app\Views\Conteneurs\v_detail_conteneur.php(2): CodeIgniter\Debug\Exceptions->errorHandler(8, 'Undefined varia...', 'C:\\Users\\gwilok...', 2, Array)
#1 C:\Users\gwilok\Desktop\code-igniter\project-root\vendor\codeigniter4\framework\system\View\View.php(230): include('C:\\Users\\gwilok...')
#2 C:\Users\gwilok\Desktop\code-igniter\project-root\vendor\codeigniter4\framework\system\View\View.php(232): CodeIgniter\View\View->CodeIgniter\View\{closure}()
#3 C:\Users\gwilok\Desktop\code-igniter\project-root\vendor\codeigniter4\framework\system\Common.php(1271): CodeIgniter\View\View->render('Conteneurs/v_de...', Array, true)
#4 C:\Users\gwilok\Desktop\code-igniter\project-root\app\Controllers\Cconteneur.php(29): view('Conteneurs/v_de...', Array)
#5 C:\Users\gwilok\Desktop\code-igniter\project-root\vendor\codeigniter4\framework\system\CodeIgniter.php(928): App\Controllers\Cconteneur->detail('11')
#6 C:\Users\gwilok\Desktop\code-igniter\project-root\vendor\codeigniter4\framework\system\CodeIgniter.php(436): CodeIgniter\CodeIgniter->runController(Object(App\Controllers\Cconteneur))
#7 C:\Users\gwilok\Desktop\code-igniter\project-root\vendor\codeigniter4\framework\system\CodeIgniter.php(336): CodeIgniter\CodeIgniter->handleRequest(NULL, Object(Config\Cache), false)
#8 C:\Users\gwilok\Desktop\code-igniter\project-root\public\index.php(37): CodeIgniter\CodeIgniter->run()
#9 {main}
CRITICAL - 2021-06-08 10:03:56 --> Undefined variable: titre1
#0 C:\Users\gwilok\Desktop\code-igniter\project-root\app\Views\Conteneurs\v_detail_conteneur.php(2): CodeIgniter\Debug\Exceptions->errorHandler(8, 'Undefined varia...', 'C:\\Users\\gwilok...', 2, Array)
#1 C:\Users\gwilok\Desktop\code-igniter\project-root\vendor\codeigniter4\framework\system\View\View.php(230): include('C:\\Users\\gwilok...')
#2 C:\Users\gwilok\Desktop\code-igniter\project-root\vendor\codeigniter4\framework\system\View\View.php(232): CodeIgniter\View\View->CodeIgniter\View\{closure}()
#3 C:\Users\gwilok\Desktop\code-igniter\project-root\vendor\codeigniter4\framework\system\Common.php(1271): CodeIgniter\View\View->render('Conteneurs/v_de...', Array, true)
#4 C:\Users\gwilok\Desktop\code-igniter\project-root\app\Controllers\Cconteneur.php(29): view('Conteneurs/v_de...', Array)
#5 C:\Users\gwilok\Desktop\code-igniter\project-root\vendor\codeigniter4\framework\system\CodeIgniter.php(928): App\Controllers\Cconteneur->detail('11')
#6 C:\Users\gwilok\Desktop\code-igniter\project-root\vendor\codeigniter4\framework\system\CodeIgniter.php(436): CodeIgniter\CodeIgniter->runController(Object(App\Controllers\Cconteneur))
#7 C:\Users\gwilok\Desktop\code-igniter\project-root\vendor\codeigniter4\framework\system\CodeIgniter.php(336): CodeIgniter\CodeIgniter->handleRequest(NULL, Object(Config\Cache), false)
#8 C:\Users\gwilok\Desktop\code-igniter\project-root\public\index.php(37): CodeIgniter\CodeIgniter->run()
#9 {main}
