CRITICAL - 2021-06-28 04:37:28 --> Call to undefined method App\Models\MrechercheResultat::getDetail
#0 C:\Users\TPCDA\Desktop\mesBouquins\mesbouquins\Front\mesBouquinsNet\app\Controllers\Crecherche.php(27): CodeIgniter\Model->__call('getDetail', Array)
#1 C:\Users\TPCDA\Desktop\mesBouquins\mesbouquins\Front\mesBouquinsNet\vendor\codeigniter4\framework\system\CodeIgniter.php(928): App\Controllers\Crecherche->detail('1')
#2 C:\Users\TPCDA\Desktop\mesBouquins\mesbouquins\Front\mesBouquinsNet\vendor\codeigniter4\framework\system\CodeIgniter.php(436): CodeIgniter\CodeIgniter->runController(Object(App\Controllers\Crecherche))
#3 C:\Users\TPCDA\Desktop\mesBouquins\mesbouquins\Front\mesBouquinsNet\vendor\codeigniter4\framework\system\CodeIgniter.php(336): CodeIgniter\CodeIgniter->handleRequest(NULL, Object(Config\Cache), false)
#4 C:\Users\TPCDA\Desktop\mesBouquins\mesbouquins\Front\mesBouquinsNet\public\index.php(37): CodeIgniter\CodeIgniter->run()
#5 {main}
CRITICAL - 2021-06-28 05:41:19 --> syntax error, unexpected 'if' (T_IF)
#0 C:\Users\TPCDA\Desktop\mesBouquins\mesbouquins\Front\mesBouquinsNet\vendor\codeigniter4\framework\system\View\View.php(232): CodeIgniter\View\View->CodeIgniter\View\{closure}()
#1 C:\Users\TPCDA\Desktop\mesBouquins\mesbouquins\Front\mesBouquinsNet\vendor\codeigniter4\framework\system\Common.php(1271): CodeIgniter\View\View->render('Recherche/v_lis...', Array, true)
#2 C:\Users\TPCDA\Desktop\mesBouquins\mesbouquins\Front\mesBouquinsNet\app\Controllers\CrechercheAuteur.php(20): view('Recherche/v_lis...', Array)
#3 C:\Users\TPCDA\Desktop\mesBouquins\mesbouquins\Front\mesBouquinsNet\vendor\codeigniter4\framework\system\CodeIgniter.php(928): App\Controllers\CrechercheAuteur->index()
#4 C:\Users\TPCDA\Desktop\mesBouquins\mesbouquins\Front\mesBouquinsNet\vendor\codeigniter4\framework\system\CodeIgniter.php(436): CodeIgniter\CodeIgniter->runController(Object(App\Controllers\CrechercheAuteur))
#5 C:\Users\TPCDA\Desktop\mesBouquins\mesbouquins\Front\mesBouquinsNet\vendor\codeigniter4\framework\system\CodeIgniter.php(336): CodeIgniter\CodeIgniter->handleRequest(NULL, Object(Config\Cache), false)
#6 C:\Users\TPCDA\Desktop\mesBouquins\mesbouquins\Front\mesBouquinsNet\public\index.php(37): CodeIgniter\CodeIgniter->run()
#7 {main}
CRITICAL - 2021-06-28 05:41:22 --> syntax error, unexpected 'if' (T_IF)
#0 C:\Users\TPCDA\Desktop\mesBouquins\mesbouquins\Front\mesBouquinsNet\vendor\codeigniter4\framework\system\View\View.php(232): CodeIgniter\View\View->CodeIgniter\View\{closure}()
#1 C:\Users\TPCDA\Desktop\mesBouquins\mesbouquins\Front\mesBouquinsNet\vendor\codeigniter4\framework\system\Common.php(1271): CodeIgniter\View\View->render('Recherche/v_lis...', Array, true)
#2 C:\Users\TPCDA\Desktop\mesBouquins\mesbouquins\Front\mesBouquinsNet\app\Controllers\CrechercheAuteur.php(20): view('Recherche/v_lis...', Array)
#3 C:\Users\TPCDA\Desktop\mesBouquins\mesbouquins\Front\mesBouquinsNet\vendor\codeigniter4\framework\system\CodeIgniter.php(928): App\Controllers\CrechercheAuteur->index()
#4 C:\Users\TPCDA\Desktop\mesBouquins\mesbouquins\Front\mesBouquinsNet\vendor\codeigniter4\framework\system\CodeIgniter.php(436): CodeIgniter\CodeIgniter->runController(Object(App\Controllers\CrechercheAuteur))
#5 C:\Users\TPCDA\Desktop\mesBouquins\mesbouquins\Front\mesBouquinsNet\vendor\codeigniter4\framework\system\CodeIgniter.php(336): CodeIgniter\CodeIgniter->handleRequest(NULL, Object(Config\Cache), false)
#6 C:\Users\TPCDA\Desktop\mesBouquins\mesbouquins\Front\mesBouquinsNet\public\index.php(37): CodeIgniter\CodeIgniter->run()
#7 {main}
CRITICAL - 2021-06-28 05:41:26 --> syntax error, unexpected 'if' (T_IF)
#0 C:\Users\TPCDA\Desktop\mesBouquins\mesbouquins\Front\mesBouquinsNet\vendor\codeigniter4\framework\system\View\View.php(232): CodeIgniter\View\View->CodeIgniter\View\{closure}()
#1 C:\Users\TPCDA\Desktop\mesBouquins\mesbouquins\Front\mesBouquinsNet\vendor\codeigniter4\framework\system\Common.php(1271): CodeIgniter\View\View->render('Recherche/v_lis...', Array, true)
#2 C:\Users\TPCDA\Desktop\mesBouquins\mesbouquins\Front\mesBouquinsNet\app\Controllers\CrechercheAuteur.php(20): view('Recherche/v_lis...', Array)
#3 C:\Users\TPCDA\Desktop\mesBouquins\mesbouquins\Front\mesBouquinsNet\vendor\codeigniter4\framework\system\CodeIgniter.php(928): App\Controllers\CrechercheAuteur->index()
#4 C:\Users\TPCDA\Desktop\mesBouquins\mesbouquins\Front\mesBouquinsNet\vendor\codeigniter4\framework\system\CodeIgniter.php(436): CodeIgniter\CodeIgniter->runController(Object(App\Controllers\CrechercheAuteur))
#5 C:\Users\TPCDA\Desktop\mesBouquins\mesbouquins\Front\mesBouquinsNet\vendor\codeigniter4\framework\system\CodeIgniter.php(336): CodeIgniter\CodeIgniter->handleRequest(NULL, Object(Config\Cache), false)
#6 C:\Users\TPCDA\Desktop\mesBouquins\mesbouquins\Front\mesBouquinsNet\public\index.php(37): CodeIgniter\CodeIgniter->run()
#7 {main}
